<?xml version="1.0" encoding="UTF-8"?>
<coverage line-rate="0.982643524699599" branch-rate="0" lines-covered="736" lines-valid="749" branches-covered="0" branches-valid="0" complexity="0" version="3.6.1" timestamp="2023-02-14 19:21:52">
  <sources/>
  <packages>
    <package name="uniCATE" line-rate="0.982643524699599" branch-rate="0" complexity="0">
      <classes>
        <class name="compute_coefs_tbl.R" filename="R/compute_coefs_tbl.R" line-rate="1" branch-rate="0" complexity="0">
          <methods>
            <method name="compute_coefs_tbl" signature="" line-rate="1" branch-rate="0">
              <lines>
                <line number="23" hits="13" branch="false"/>
                <line number="26" hits="13" branch="false"/>
                <line number="29" hits="13" branch="false"/>
                <line number="30" hits="13" branch="false"/>
                <line number="31" hits="13" branch="false"/>
                <line number="32" hits="13" branch="false"/>
                <line number="33" hits="13" branch="false"/>
                <line number="35" hits="13" branch="false"/>
              </lines>
            </method>
          </methods>
          <lines>
            <line number="23" hits="13" branch="false"/>
            <line number="26" hits="13" branch="false"/>
            <line number="29" hits="13" branch="false"/>
            <line number="30" hits="13" branch="false"/>
            <line number="31" hits="13" branch="false"/>
            <line number="32" hits="13" branch="false"/>
            <line number="33" hits="13" branch="false"/>
            <line number="35" hits="13" branch="false"/>
          </lines>
        </class>
        <class name="estimate_univariate_cates.R" filename="R/estimate_univariate_cates.R" line-rate="0.969849246231156" branch-rate="0" complexity="0">
          <methods>
            <method name="estimate_univariate_cates" signature="" line-rate="1" branch-rate="0">
              <lines>
                <line number="62" hits="9" branch="false"/>
                <line number="63" hits="9" branch="false"/>
                <line number="64" hits="9" branch="false"/>
                <line number="65" hits="9" branch="false"/>
                <line number="66" hits="9" branch="false"/>
                <line number="70" hits="9" branch="false"/>
                <line number="71" hits="9" branch="false"/>
                <line number="72" hits="9" branch="false"/>
                <line number="73" hits="9" branch="false"/>
                <line number="74" hits="9" branch="false"/>
                <line number="75" hits="9" branch="false"/>
                <line number="76" hits="9" branch="false"/>
                <line number="77" hits="9" branch="false"/>
                <line number="80" hits="9" branch="false"/>
                <line number="81" hits="9" branch="false"/>
                <line number="82" hits="9" branch="false"/>
                <line number="83" hits="9" branch="false"/>
                <line number="84" hits="9" branch="false"/>
                <line number="87" hits="9" branch="false"/>
                <line number="88" hits="4" branch="false"/>
                <line number="90" hits="5" branch="false"/>
                <line number="94" hits="9" branch="false"/>
                <line number="95" hits="9" branch="false"/>
                <line number="96" hits="9" branch="false"/>
                <line number="97" hits="9" branch="false"/>
                <line number="98" hits="9" branch="false"/>
                <line number="99" hits="9" branch="false"/>
                <line number="100" hits="9" branch="false"/>
                <line number="101" hits="9" branch="false"/>
                <line number="102" hits="9" branch="false"/>
                <line number="103" hits="9" branch="false"/>
                <line number="104" hits="9" branch="false"/>
                <line number="105" hits="9" branch="false"/>
                <line number="106" hits="9" branch="false"/>
                <line number="109" hits="9" branch="false"/>
                <line number="110" hits="9" branch="false"/>
                <line number="111" hits="9" branch="false"/>
                <line number="114" hits="9" branch="false"/>
                <line number="116" hits="9" branch="false"/>
                <line number="117" hits="9" branch="false"/>
                <line number="118" hits="9" branch="false"/>
                <line number="119" hits="9" branch="false"/>
                <line number="120" hits="9" branch="false"/>
                <line number="121" hits="9" branch="false"/>
              </lines>
            </method>
            <method name="hold_out_calculation" signature="" line-rate="0.956521739130435" branch-rate="0">
              <lines>
                <line number="183" hits="22" branch="false"/>
                <line number="184" hits="22" branch="false"/>
                <line number="187" hits="22" branch="false"/>
                <line number="188" hits="22" branch="false"/>
                <line number="189" hits="22" branch="false"/>
                <line number="190" hits="22" branch="false"/>
                <line number="191" hits="22" branch="false"/>
                <line number="192" hits="22" branch="false"/>
                <line number="193" hits="22" branch="false"/>
                <line number="194" hits="22" branch="false"/>
                <line number="195" hits="22" branch="false"/>
                <line number="196" hits="22" branch="false"/>
                <line number="197" hits="22" branch="false"/>
                <line number="198" hits="22" branch="false"/>
                <line number="201" hits="22" branch="false"/>
                <line number="204" hits="10" branch="false"/>
                <line number="205" hits="10" branch="false"/>
                <line number="206" hits="10" branch="false"/>
                <line number="207" hits="10" branch="false"/>
                <line number="208" hits="10" branch="false"/>
                <line number="209" hits="10" branch="false"/>
                <line number="210" hits="10" branch="false"/>
                <line number="211" hits="10" branch="false"/>
                <line number="212" hits="10" branch="false"/>
                <line number="213" hits="10" branch="false"/>
                <line number="214" hits="10" branch="false"/>
                <line number="215" hits="10" branch="false"/>
                <line number="216" hits="10" branch="false"/>
                <line number="217" hits="10" branch="false"/>
                <line number="219" hits="10" branch="false"/>
                <line number="222" hits="5" branch="false"/>
                <line number="223" hits="5" branch="false"/>
                <line number="224" hits="5" branch="false"/>
                <line number="225" hits="5" branch="false"/>
                <line number="226" hits="5" branch="false"/>
                <line number="227" hits="5" branch="false"/>
                <line number="228" hits="5" branch="false"/>
                <line number="232" hits="5" branch="false"/>
                <line number="233" hits="5" branch="false"/>
                <line number="234" hits="5" branch="false"/>
                <line number="235" hits="5" branch="false"/>
                <line number="236" hits="5" branch="false"/>
                <line number="237" hits="5" branch="false"/>
                <line number="238" hits="5" branch="false"/>
                <line number="242" hits="10" branch="false"/>
                <line number="243" hits="10" branch="false"/>
                <line number="244" hits="10" branch="false"/>
                <line number="245" hits="10" branch="false"/>
                <line number="246" hits="10" branch="false"/>
                <line number="247" hits="10" branch="false"/>
                <line number="248" hits="10" branch="false"/>
                <line number="249" hits="10" branch="false"/>
                <line number="250" hits="10" branch="false"/>
                <line number="251" hits="10" branch="false"/>
                <line number="252" hits="10" branch="false"/>
                <line number="253" hits="10" branch="false"/>
                <line number="254" hits="10" branch="false"/>
                <line number="255" hits="10" branch="false"/>
                <line number="256" hits="10" branch="false"/>
                <line number="257" hits="10" branch="false"/>
                <line number="258" hits="10" branch="false"/>
                <line number="259" hits="10" branch="false"/>
                <line number="260" hits="10" branch="false"/>
                <line number="261" hits="10" branch="false"/>
                <line number="265" hits="12" branch="false"/>
                <line number="266" hits="12" branch="false"/>
                <line number="267" hits="12" branch="false"/>
                <line number="268" hits="12" branch="false"/>
                <line number="269" hits="12" branch="false"/>
                <line number="270" hits="12" branch="false"/>
                <line number="271" hits="12" branch="false"/>
                <line number="272" hits="12" branch="false"/>
                <line number="275" hits="12" branch="false"/>
                <line number="278" hits="12" branch="false"/>
                <line number="279" hits="12" branch="false"/>
                <line number="280" hits="12" branch="false"/>
                <line number="281" hits="12" branch="false"/>
                <line number="282" hits="12" branch="false"/>
                <line number="283" hits="12" branch="false"/>
                <line number="284" hits="12" branch="false"/>
                <line number="285" hits="12" branch="false"/>
                <line number="286" hits="12" branch="false"/>
                <line number="287" hits="12" branch="false"/>
                <line number="288" hits="12" branch="false"/>
                <line number="289" hits="12" branch="false"/>
                <line number="294" hits="22" branch="false"/>
                <line number="295" hits="22" branch="false"/>
                <line number="296" hits="22" branch="false"/>
                <line number="300" hits="22" branch="false"/>
                <line number="301" hits="22" branch="false"/>
                <line number="302" hits="22" branch="false"/>
                <line number="303" hits="22" branch="false"/>
                <line number="304" hits="22" branch="false"/>
                <line number="305" hits="22" branch="false"/>
                <line number="309" hits="22" branch="false"/>
                <line number="310" hits="22" branch="false"/>
                <line number="311" hits="22" branch="false"/>
                <line number="312" hits="22" branch="false"/>
                <line number="313" hits="22" branch="false"/>
                <line number="314" hits="22" branch="false"/>
                <line number="315" hits="22" branch="false"/>
                <line number="316" hits="22" branch="false"/>
                <line number="319" hits="22" branch="false"/>
                <line number="320" hits="22" branch="false"/>
                <line number="324" hits="22" branch="false"/>
                <line number="328" hits="22" branch="false"/>
                <line number="331" hits="22" branch="false"/>
                <line number="332" hits="22" branch="false"/>
                <line number="335" hits="0" branch="false"/>
                <line number="336" hits="0" branch="false"/>
                <line number="337" hits="0" branch="false"/>
                <line number="338" hits="0" branch="false"/>
                <line number="339" hits="0" branch="false"/>
                <line number="340" hits="0" branch="false"/>
                <line number="341" hits="22" branch="false"/>
                <line number="344" hits="22" branch="false"/>
                <line number="345" hits="22" branch="false"/>
                <line number="346" hits="22" branch="false"/>
                <line number="347" hits="22" branch="false"/>
                <line number="348" hits="22" branch="false"/>
                <line number="349" hits="22" branch="false"/>
                <line number="352" hits="22" branch="false"/>
                <line number="353" hits="22" branch="false"/>
                <line number="354" hits="22" branch="false"/>
                <line number="355" hits="22" branch="false"/>
                <line number="356" hits="22" branch="false"/>
                <line number="359" hits="22" branch="false"/>
                <line number="360" hits="22" branch="false"/>
                <line number="361" hits="22" branch="false"/>
                <line number="362" hits="22" branch="false"/>
                <line number="363" hits="22" branch="false"/>
                <line number="364" hits="22" branch="false"/>
                <line number="367" hits="22" branch="false"/>
                <line number="368" hits="22" branch="false"/>
                <line number="369" hits="22" branch="false"/>
                <line number="370" hits="22" branch="false"/>
                <line number="371" hits="22" branch="false"/>
                <line number="372" hits="22" branch="false"/>
              </lines>
            </method>
            <method name="apply_aiptw_transform" signature="" line-rate="1" branch-rate="0">
              <lines>
                <line number="408" hits="23" branch="false"/>
                <line number="409" hits="23" branch="false"/>
                <line number="410" hits="23" branch="false"/>
                <line number="411" hits="23" branch="false"/>
                <line number="412" hits="23" branch="false"/>
                <line number="413" hits="23" branch="false"/>
                <line number="414" hits="23" branch="false"/>
                <line number="415" hits="23" branch="false"/>
                <line number="416" hits="23" branch="false"/>
                <line number="417" hits="23" branch="false"/>
                <line number="418" hits="23" branch="false"/>
                <line number="419" hits="23" branch="false"/>
                <line number="420" hits="23" branch="false"/>
                <line number="421" hits="23" branch="false"/>
                <line number="422" hits="23" branch="false"/>
                <line number="423" hits="23" branch="false"/>
                <line number="424" hits="23" branch="false"/>
              </lines>
            </method>
          </methods>
          <lines>
            <line number="62" hits="9" branch="false"/>
            <line number="63" hits="9" branch="false"/>
            <line number="64" hits="9" branch="false"/>
            <line number="65" hits="9" branch="false"/>
            <line number="66" hits="9" branch="false"/>
            <line number="70" hits="9" branch="false"/>
            <line number="71" hits="9" branch="false"/>
            <line number="72" hits="9" branch="false"/>
            <line number="73" hits="9" branch="false"/>
            <line number="74" hits="9" branch="false"/>
            <line number="75" hits="9" branch="false"/>
            <line number="76" hits="9" branch="false"/>
            <line number="77" hits="9" branch="false"/>
            <line number="80" hits="9" branch="false"/>
            <line number="81" hits="9" branch="false"/>
            <line number="82" hits="9" branch="false"/>
            <line number="83" hits="9" branch="false"/>
            <line number="84" hits="9" branch="false"/>
            <line number="87" hits="9" branch="false"/>
            <line number="88" hits="4" branch="false"/>
            <line number="90" hits="5" branch="false"/>
            <line number="94" hits="9" branch="false"/>
            <line number="95" hits="9" branch="false"/>
            <line number="96" hits="9" branch="false"/>
            <line number="97" hits="9" branch="false"/>
            <line number="98" hits="9" branch="false"/>
            <line number="99" hits="9" branch="false"/>
            <line number="100" hits="9" branch="false"/>
            <line number="101" hits="9" branch="false"/>
            <line number="102" hits="9" branch="false"/>
            <line number="103" hits="9" branch="false"/>
            <line number="104" hits="9" branch="false"/>
            <line number="105" hits="9" branch="false"/>
            <line number="106" hits="9" branch="false"/>
            <line number="109" hits="9" branch="false"/>
            <line number="110" hits="9" branch="false"/>
            <line number="111" hits="9" branch="false"/>
            <line number="114" hits="9" branch="false"/>
            <line number="116" hits="9" branch="false"/>
            <line number="117" hits="9" branch="false"/>
            <line number="118" hits="9" branch="false"/>
            <line number="119" hits="9" branch="false"/>
            <line number="120" hits="9" branch="false"/>
            <line number="121" hits="9" branch="false"/>
            <line number="183" hits="22" branch="false"/>
            <line number="184" hits="22" branch="false"/>
            <line number="187" hits="22" branch="false"/>
            <line number="188" hits="22" branch="false"/>
            <line number="189" hits="22" branch="false"/>
            <line number="190" hits="22" branch="false"/>
            <line number="191" hits="22" branch="false"/>
            <line number="192" hits="22" branch="false"/>
            <line number="193" hits="22" branch="false"/>
            <line number="194" hits="22" branch="false"/>
            <line number="195" hits="22" branch="false"/>
            <line number="196" hits="22" branch="false"/>
            <line number="197" hits="22" branch="false"/>
            <line number="198" hits="22" branch="false"/>
            <line number="201" hits="22" branch="false"/>
            <line number="204" hits="10" branch="false"/>
            <line number="205" hits="10" branch="false"/>
            <line number="206" hits="10" branch="false"/>
            <line number="207" hits="10" branch="false"/>
            <line number="208" hits="10" branch="false"/>
            <line number="209" hits="10" branch="false"/>
            <line number="210" hits="10" branch="false"/>
            <line number="211" hits="10" branch="false"/>
            <line number="212" hits="10" branch="false"/>
            <line number="213" hits="10" branch="false"/>
            <line number="214" hits="10" branch="false"/>
            <line number="215" hits="10" branch="false"/>
            <line number="216" hits="10" branch="false"/>
            <line number="217" hits="10" branch="false"/>
            <line number="219" hits="10" branch="false"/>
            <line number="222" hits="5" branch="false"/>
            <line number="223" hits="5" branch="false"/>
            <line number="224" hits="5" branch="false"/>
            <line number="225" hits="5" branch="false"/>
            <line number="226" hits="5" branch="false"/>
            <line number="227" hits="5" branch="false"/>
            <line number="228" hits="5" branch="false"/>
            <line number="232" hits="5" branch="false"/>
            <line number="233" hits="5" branch="false"/>
            <line number="234" hits="5" branch="false"/>
            <line number="235" hits="5" branch="false"/>
            <line number="236" hits="5" branch="false"/>
            <line number="237" hits="5" branch="false"/>
            <line number="238" hits="5" branch="false"/>
            <line number="242" hits="10" branch="false"/>
            <line number="243" hits="10" branch="false"/>
            <line number="244" hits="10" branch="false"/>
            <line number="245" hits="10" branch="false"/>
            <line number="246" hits="10" branch="false"/>
            <line number="247" hits="10" branch="false"/>
            <line number="248" hits="10" branch="false"/>
            <line number="249" hits="10" branch="false"/>
            <line number="250" hits="10" branch="false"/>
            <line number="251" hits="10" branch="false"/>
            <line number="252" hits="10" branch="false"/>
            <line number="253" hits="10" branch="false"/>
            <line number="254" hits="10" branch="false"/>
            <line number="255" hits="10" branch="false"/>
            <line number="256" hits="10" branch="false"/>
            <line number="257" hits="10" branch="false"/>
            <line number="258" hits="10" branch="false"/>
            <line number="259" hits="10" branch="false"/>
            <line number="260" hits="10" branch="false"/>
            <line number="261" hits="10" branch="false"/>
            <line number="265" hits="12" branch="false"/>
            <line number="266" hits="12" branch="false"/>
            <line number="267" hits="12" branch="false"/>
            <line number="268" hits="12" branch="false"/>
            <line number="269" hits="12" branch="false"/>
            <line number="270" hits="12" branch="false"/>
            <line number="271" hits="12" branch="false"/>
            <line number="272" hits="12" branch="false"/>
            <line number="275" hits="12" branch="false"/>
            <line number="278" hits="12" branch="false"/>
            <line number="279" hits="12" branch="false"/>
            <line number="280" hits="12" branch="false"/>
            <line number="281" hits="12" branch="false"/>
            <line number="282" hits="12" branch="false"/>
            <line number="283" hits="12" branch="false"/>
            <line number="284" hits="12" branch="false"/>
            <line number="285" hits="12" branch="false"/>
            <line number="286" hits="12" branch="false"/>
            <line number="287" hits="12" branch="false"/>
            <line number="288" hits="12" branch="false"/>
            <line number="289" hits="12" branch="false"/>
            <line number="294" hits="22" branch="false"/>
            <line number="295" hits="22" branch="false"/>
            <line number="296" hits="22" branch="false"/>
            <line number="300" hits="22" branch="false"/>
            <line number="301" hits="22" branch="false"/>
            <line number="302" hits="22" branch="false"/>
            <line number="303" hits="22" branch="false"/>
            <line number="304" hits="22" branch="false"/>
            <line number="305" hits="22" branch="false"/>
            <line number="309" hits="22" branch="false"/>
            <line number="310" hits="22" branch="false"/>
            <line number="311" hits="22" branch="false"/>
            <line number="312" hits="22" branch="false"/>
            <line number="313" hits="22" branch="false"/>
            <line number="314" hits="22" branch="false"/>
            <line number="315" hits="22" branch="false"/>
            <line number="316" hits="22" branch="false"/>
            <line number="319" hits="22" branch="false"/>
            <line number="320" hits="22" branch="false"/>
            <line number="324" hits="22" branch="false"/>
            <line number="328" hits="22" branch="false"/>
            <line number="331" hits="22" branch="false"/>
            <line number="332" hits="22" branch="false"/>
            <line number="335" hits="0" branch="false"/>
            <line number="336" hits="0" branch="false"/>
            <line number="337" hits="0" branch="false"/>
            <line number="338" hits="0" branch="false"/>
            <line number="339" hits="0" branch="false"/>
            <line number="340" hits="0" branch="false"/>
            <line number="341" hits="22" branch="false"/>
            <line number="344" hits="22" branch="false"/>
            <line number="345" hits="22" branch="false"/>
            <line number="346" hits="22" branch="false"/>
            <line number="347" hits="22" branch="false"/>
            <line number="348" hits="22" branch="false"/>
            <line number="349" hits="22" branch="false"/>
            <line number="352" hits="22" branch="false"/>
            <line number="353" hits="22" branch="false"/>
            <line number="354" hits="22" branch="false"/>
            <line number="355" hits="22" branch="false"/>
            <line number="356" hits="22" branch="false"/>
            <line number="359" hits="22" branch="false"/>
            <line number="360" hits="22" branch="false"/>
            <line number="361" hits="22" branch="false"/>
            <line number="362" hits="22" branch="false"/>
            <line number="363" hits="22" branch="false"/>
            <line number="364" hits="22" branch="false"/>
            <line number="367" hits="22" branch="false"/>
            <line number="368" hits="22" branch="false"/>
            <line number="369" hits="22" branch="false"/>
            <line number="370" hits="22" branch="false"/>
            <line number="371" hits="22" branch="false"/>
            <line number="372" hits="22" branch="false"/>
            <line number="408" hits="23" branch="false"/>
            <line number="409" hits="23" branch="false"/>
            <line number="410" hits="23" branch="false"/>
            <line number="411" hits="23" branch="false"/>
            <line number="412" hits="23" branch="false"/>
            <line number="413" hits="23" branch="false"/>
            <line number="414" hits="23" branch="false"/>
            <line number="415" hits="23" branch="false"/>
            <line number="416" hits="23" branch="false"/>
            <line number="417" hits="23" branch="false"/>
            <line number="418" hits="23" branch="false"/>
            <line number="419" hits="23" branch="false"/>
            <line number="420" hits="23" branch="false"/>
            <line number="421" hits="23" branch="false"/>
            <line number="422" hits="23" branch="false"/>
            <line number="423" hits="23" branch="false"/>
            <line number="424" hits="23" branch="false"/>
          </lines>
        </class>
        <class name="estimate_univariate_survival_cates.R" filename="R/estimate_univariate_survival_cates.R" line-rate="0.979094076655052" branch-rate="0" complexity="0">
          <methods>
            <method name="estimate_univariate_s_cates" signature="" line-rate="1" branch-rate="0">
              <lines>
                <line number="69" hits="2" branch="false"/>
                <line number="70" hits="2" branch="false"/>
                <line number="71" hits="2" branch="false"/>
                <line number="72" hits="2" branch="false"/>
                <line number="73" hits="2" branch="false"/>
                <line number="74" hits="2" branch="false"/>
                <line number="78" hits="2" branch="false"/>
                <line number="79" hits="2" branch="false"/>
                <line number="80" hits="2" branch="false"/>
                <line number="81" hits="2" branch="false"/>
                <line number="82" hits="2" branch="false"/>
                <line number="83" hits="2" branch="false"/>
                <line number="84" hits="2" branch="false"/>
                <line number="85" hits="2" branch="false"/>
                <line number="86" hits="2" branch="false"/>
                <line number="89" hits="2" branch="false"/>
                <line number="90" hits="2" branch="false"/>
                <line number="91" hits="2" branch="false"/>
                <line number="92" hits="2" branch="false"/>
                <line number="93" hits="2" branch="false"/>
                <line number="94" hits="2" branch="false"/>
                <line number="95" hits="2" branch="false"/>
                <line number="96" hits="2" branch="false"/>
                <line number="97" hits="2" branch="false"/>
                <line number="98" hits="2" branch="false"/>
                <line number="99" hits="2" branch="false"/>
                <line number="100" hits="2" branch="false"/>
                <line number="101" hits="2" branch="false"/>
                <line number="102" hits="2" branch="false"/>
                <line number="103" hits="2" branch="false"/>
                <line number="104" hits="2" branch="false"/>
                <line number="107" hits="2" branch="false"/>
                <line number="108" hits="2" branch="false"/>
                <line number="109" hits="2" branch="false"/>
                <line number="110" hits="2" branch="false"/>
                <line number="111" hits="2" branch="false"/>
                <line number="112" hits="2" branch="false"/>
                <line number="113" hits="2" branch="false"/>
                <line number="114" hits="2" branch="false"/>
                <line number="115" hits="2" branch="false"/>
                <line number="116" hits="2" branch="false"/>
                <line number="117" hits="2" branch="false"/>
                <line number="118" hits="2" branch="false"/>
                <line number="119" hits="2" branch="false"/>
                <line number="120" hits="2" branch="false"/>
                <line number="123" hits="2" branch="false"/>
                <line number="124" hits="2" branch="false"/>
                <line number="125" hits="2" branch="false"/>
                <line number="128" hits="2" branch="false"/>
                <line number="130" hits="2" branch="false"/>
                <line number="131" hits="2" branch="false"/>
                <line number="132" hits="2" branch="false"/>
                <line number="133" hits="2" branch="false"/>
                <line number="134" hits="2" branch="false"/>
                <line number="135" hits="2" branch="false"/>
              </lines>
            </method>
            <method name="hold_out_calculation_survival" signature="" line-rate="0.974137931034483" branch-rate="0">
              <lines>
                <line number="206" hits="6" branch="false"/>
                <line number="207" hits="6" branch="false"/>
                <line number="210" hits="6" branch="false"/>
                <line number="211" hits="6" branch="false"/>
                <line number="212" hits="6" branch="false"/>
                <line number="216" hits="6" branch="false"/>
                <line number="217" hits="6" branch="false"/>
                <line number="218" hits="6" branch="false"/>
                <line number="219" hits="6" branch="false"/>
                <line number="220" hits="6" branch="false"/>
                <line number="221" hits="6" branch="false"/>
                <line number="222" hits="6" branch="false"/>
                <line number="223" hits="6" branch="false"/>
                <line number="224" hits="6" branch="false"/>
                <line number="225" hits="6" branch="false"/>
                <line number="226" hits="6" branch="false"/>
                <line number="227" hits="6" branch="false"/>
                <line number="228" hits="6" branch="false"/>
                <line number="229" hits="6" branch="false"/>
                <line number="230" hits="6" branch="false"/>
                <line number="231" hits="6" branch="false"/>
                <line number="234" hits="6" branch="false"/>
                <line number="235" hits="6" branch="false"/>
                <line number="236" hits="6" branch="false"/>
                <line number="237" hits="6" branch="false"/>
                <line number="238" hits="6" branch="false"/>
                <line number="239" hits="6" branch="false"/>
                <line number="240" hits="6" branch="false"/>
                <line number="241" hits="6" branch="false"/>
                <line number="242" hits="6" branch="false"/>
                <line number="243" hits="6" branch="false"/>
                <line number="244" hits="6" branch="false"/>
                <line number="245" hits="6" branch="false"/>
                <line number="250" hits="6" branch="false"/>
                <line number="253" hits="3" branch="false"/>
                <line number="254" hits="3" branch="false"/>
                <line number="255" hits="3" branch="false"/>
                <line number="256" hits="3" branch="false"/>
                <line number="257" hits="3" branch="false"/>
                <line number="258" hits="3" branch="false"/>
                <line number="259" hits="3" branch="false"/>
                <line number="260" hits="3" branch="false"/>
                <line number="261" hits="3" branch="false"/>
                <line number="262" hits="3" branch="false"/>
                <line number="265" hits="3" branch="false"/>
                <line number="266" hits="3" branch="false"/>
                <line number="267" hits="3" branch="false"/>
                <line number="268" hits="3" branch="false"/>
                <line number="269" hits="3" branch="false"/>
                <line number="270" hits="3" branch="false"/>
                <line number="271" hits="3" branch="false"/>
                <line number="275" hits="3" branch="false"/>
                <line number="276" hits="3" branch="false"/>
                <line number="277" hits="3" branch="false"/>
                <line number="278" hits="3" branch="false"/>
                <line number="279" hits="3" branch="false"/>
                <line number="280" hits="3" branch="false"/>
                <line number="281" hits="3" branch="false"/>
                <line number="282" hits="3" branch="false"/>
                <line number="283" hits="3" branch="false"/>
                <line number="284" hits="3" branch="false"/>
                <line number="285" hits="3" branch="false"/>
                <line number="286" hits="3" branch="false"/>
                <line number="287" hits="3" branch="false"/>
                <line number="288" hits="3" branch="false"/>
                <line number="289" hits="3" branch="false"/>
                <line number="290" hits="3" branch="false"/>
                <line number="291" hits="3" branch="false"/>
                <line number="292" hits="3" branch="false"/>
                <line number="293" hits="3" branch="false"/>
                <line number="294" hits="3" branch="false"/>
                <line number="297" hits="3" branch="false"/>
                <line number="298" hits="3" branch="false"/>
                <line number="299" hits="3" branch="false"/>
                <line number="300" hits="3" branch="false"/>
                <line number="301" hits="3" branch="false"/>
                <line number="302" hits="3" branch="false"/>
                <line number="303" hits="3" branch="false"/>
                <line number="304" hits="3" branch="false"/>
                <line number="305" hits="3" branch="false"/>
                <line number="306" hits="3" branch="false"/>
                <line number="310" hits="3" branch="false"/>
                <line number="311" hits="3" branch="false"/>
                <line number="312" hits="3" branch="false"/>
                <line number="313" hits="3" branch="false"/>
                <line number="314" hits="3" branch="false"/>
                <line number="315" hits="3" branch="false"/>
                <line number="318" hits="3" branch="false"/>
                <line number="321" hits="3" branch="false"/>
                <line number="322" hits="3" branch="false"/>
                <line number="323" hits="3" branch="false"/>
                <line number="324" hits="3" branch="false"/>
                <line number="325" hits="3" branch="false"/>
                <line number="326" hits="3" branch="false"/>
                <line number="327" hits="3" branch="false"/>
                <line number="328" hits="3" branch="false"/>
                <line number="332" hits="3" branch="false"/>
                <line number="333" hits="3" branch="false"/>
                <line number="334" hits="3" branch="false"/>
                <line number="335" hits="3" branch="false"/>
                <line number="336" hits="3" branch="false"/>
                <line number="337" hits="3" branch="false"/>
                <line number="340" hits="3" branch="false"/>
                <line number="341" hits="3" branch="false"/>
                <line number="342" hits="3" branch="false"/>
                <line number="343" hits="3" branch="false"/>
                <line number="344" hits="3" branch="false"/>
                <line number="348" hits="6" branch="false"/>
                <line number="349" hits="6" branch="false"/>
                <line number="350" hits="6" branch="false"/>
                <line number="351" hits="6" branch="false"/>
                <line number="352" hits="6" branch="false"/>
                <line number="353" hits="6" branch="false"/>
                <line number="354" hits="6" branch="false"/>
                <line number="360" hits="6" branch="false"/>
                <line number="363" hits="3" branch="false"/>
                <line number="364" hits="3" branch="false"/>
                <line number="365" hits="3" branch="false"/>
                <line number="366" hits="3" branch="false"/>
                <line number="367" hits="3" branch="false"/>
                <line number="368" hits="3" branch="false"/>
                <line number="369" hits="3" branch="false"/>
                <line number="370" hits="3" branch="false"/>
                <line number="371" hits="3" branch="false"/>
                <line number="372" hits="3" branch="false"/>
                <line number="375" hits="3" branch="false"/>
                <line number="376" hits="3" branch="false"/>
                <line number="377" hits="3" branch="false"/>
                <line number="378" hits="3" branch="false"/>
                <line number="379" hits="3" branch="false"/>
                <line number="380" hits="3" branch="false"/>
                <line number="381" hits="3" branch="false"/>
                <line number="384" hits="3" branch="false"/>
                <line number="385" hits="3" branch="false"/>
                <line number="386" hits="3" branch="false"/>
                <line number="387" hits="3" branch="false"/>
                <line number="388" hits="3" branch="false"/>
                <line number="389" hits="3" branch="false"/>
                <line number="390" hits="3" branch="false"/>
                <line number="391" hits="3" branch="false"/>
                <line number="392" hits="3" branch="false"/>
                <line number="393" hits="3" branch="false"/>
                <line number="397" hits="3" branch="false"/>
                <line number="398" hits="3" branch="false"/>
                <line number="399" hits="3" branch="false"/>
                <line number="400" hits="3" branch="false"/>
                <line number="401" hits="3" branch="false"/>
                <line number="402" hits="3" branch="false"/>
                <line number="405" hits="3" branch="false"/>
                <line number="406" hits="3" branch="false"/>
                <line number="407" hits="3" branch="false"/>
                <line number="410" hits="3" branch="false"/>
                <line number="411" hits="3" branch="false"/>
                <line number="412" hits="3" branch="false"/>
                <line number="413" hits="3" branch="false"/>
                <line number="414" hits="3" branch="false"/>
                <line number="420" hits="6" branch="false"/>
                <line number="421" hits="6" branch="false"/>
                <line number="424" hits="6" branch="false"/>
                <line number="425" hits="6" branch="false"/>
                <line number="426" hits="6" branch="false"/>
                <line number="427" hits="6" branch="false"/>
                <line number="428" hits="6" branch="false"/>
                <line number="429" hits="6" branch="false"/>
                <line number="430" hits="6" branch="false"/>
                <line number="431" hits="6" branch="false"/>
                <line number="432" hits="6" branch="false"/>
                <line number="433" hits="6" branch="false"/>
                <line number="434" hits="6" branch="false"/>
                <line number="435" hits="6" branch="false"/>
                <line number="436" hits="6" branch="false"/>
                <line number="437" hits="6" branch="false"/>
                <line number="438" hits="6" branch="false"/>
                <line number="439" hits="6" branch="false"/>
                <line number="440" hits="6" branch="false"/>
                <line number="441" hits="6" branch="false"/>
                <line number="442" hits="6" branch="false"/>
                <line number="443" hits="6" branch="false"/>
                <line number="444" hits="6" branch="false"/>
                <line number="445" hits="6" branch="false"/>
                <line number="446" hits="6" branch="false"/>
                <line number="447" hits="6" branch="false"/>
                <line number="448" hits="6" branch="false"/>
                <line number="449" hits="6" branch="false"/>
                <line number="450" hits="6" branch="false"/>
                <line number="451" hits="6" branch="false"/>
                <line number="452" hits="6" branch="false"/>
                <line number="453" hits="6" branch="false"/>
                <line number="456" hits="6" branch="false"/>
                <line number="457" hits="6" branch="false"/>
                <line number="458" hits="6" branch="false"/>
                <line number="459" hits="6" branch="false"/>
                <line number="460" hits="6" branch="false"/>
                <line number="461" hits="6" branch="false"/>
                <line number="462" hits="6" branch="false"/>
                <line number="463" hits="6" branch="false"/>
                <line number="466" hits="6" branch="false"/>
                <line number="467" hits="6" branch="false"/>
                <line number="471" hits="6" branch="false"/>
                <line number="475" hits="6" branch="false"/>
                <line number="478" hits="6" branch="false"/>
                <line number="479" hits="6" branch="false"/>
                <line number="482" hits="0" branch="false"/>
                <line number="483" hits="0" branch="false"/>
                <line number="484" hits="0" branch="false"/>
                <line number="485" hits="0" branch="false"/>
                <line number="486" hits="0" branch="false"/>
                <line number="487" hits="0" branch="false"/>
                <line number="488" hits="6" branch="false"/>
                <line number="490" hits="6" branch="false"/>
                <line number="491" hits="6" branch="false"/>
                <line number="492" hits="6" branch="false"/>
                <line number="493" hits="6" branch="false"/>
                <line number="494" hits="6" branch="false"/>
                <line number="495" hits="6" branch="false"/>
                <line number="498" hits="6" branch="false"/>
                <line number="499" hits="6" branch="false"/>
                <line number="500" hits="6" branch="false"/>
                <line number="501" hits="6" branch="false"/>
                <line number="502" hits="6" branch="false"/>
                <line number="505" hits="6" branch="false"/>
                <line number="506" hits="6" branch="false"/>
                <line number="507" hits="6" branch="false"/>
                <line number="508" hits="6" branch="false"/>
                <line number="509" hits="6" branch="false"/>
                <line number="510" hits="6" branch="false"/>
                <line number="513" hits="6" branch="false"/>
                <line number="514" hits="6" branch="false"/>
                <line number="515" hits="6" branch="false"/>
                <line number="516" hits="6" branch="false"/>
                <line number="517" hits="6" branch="false"/>
                <line number="518" hits="6" branch="false"/>
              </lines>
            </method>
          </methods>
          <lines>
            <line number="69" hits="2" branch="false"/>
            <line number="70" hits="2" branch="false"/>
            <line number="71" hits="2" branch="false"/>
            <line number="72" hits="2" branch="false"/>
            <line number="73" hits="2" branch="false"/>
            <line number="74" hits="2" branch="false"/>
            <line number="78" hits="2" branch="false"/>
            <line number="79" hits="2" branch="false"/>
            <line number="80" hits="2" branch="false"/>
            <line number="81" hits="2" branch="false"/>
            <line number="82" hits="2" branch="false"/>
            <line number="83" hits="2" branch="false"/>
            <line number="84" hits="2" branch="false"/>
            <line number="85" hits="2" branch="false"/>
            <line number="86" hits="2" branch="false"/>
            <line number="89" hits="2" branch="false"/>
            <line number="90" hits="2" branch="false"/>
            <line number="91" hits="2" branch="false"/>
            <line number="92" hits="2" branch="false"/>
            <line number="93" hits="2" branch="false"/>
            <line number="94" hits="2" branch="false"/>
            <line number="95" hits="2" branch="false"/>
            <line number="96" hits="2" branch="false"/>
            <line number="97" hits="2" branch="false"/>
            <line number="98" hits="2" branch="false"/>
            <line number="99" hits="2" branch="false"/>
            <line number="100" hits="2" branch="false"/>
            <line number="101" hits="2" branch="false"/>
            <line number="102" hits="2" branch="false"/>
            <line number="103" hits="2" branch="false"/>
            <line number="104" hits="2" branch="false"/>
            <line number="107" hits="2" branch="false"/>
            <line number="108" hits="2" branch="false"/>
            <line number="109" hits="2" branch="false"/>
            <line number="110" hits="2" branch="false"/>
            <line number="111" hits="2" branch="false"/>
            <line number="112" hits="2" branch="false"/>
            <line number="113" hits="2" branch="false"/>
            <line number="114" hits="2" branch="false"/>
            <line number="115" hits="2" branch="false"/>
            <line number="116" hits="2" branch="false"/>
            <line number="117" hits="2" branch="false"/>
            <line number="118" hits="2" branch="false"/>
            <line number="119" hits="2" branch="false"/>
            <line number="120" hits="2" branch="false"/>
            <line number="123" hits="2" branch="false"/>
            <line number="124" hits="2" branch="false"/>
            <line number="125" hits="2" branch="false"/>
            <line number="128" hits="2" branch="false"/>
            <line number="130" hits="2" branch="false"/>
            <line number="131" hits="2" branch="false"/>
            <line number="132" hits="2" branch="false"/>
            <line number="133" hits="2" branch="false"/>
            <line number="134" hits="2" branch="false"/>
            <line number="135" hits="2" branch="false"/>
            <line number="206" hits="6" branch="false"/>
            <line number="207" hits="6" branch="false"/>
            <line number="210" hits="6" branch="false"/>
            <line number="211" hits="6" branch="false"/>
            <line number="212" hits="6" branch="false"/>
            <line number="216" hits="6" branch="false"/>
            <line number="217" hits="6" branch="false"/>
            <line number="218" hits="6" branch="false"/>
            <line number="219" hits="6" branch="false"/>
            <line number="220" hits="6" branch="false"/>
            <line number="221" hits="6" branch="false"/>
            <line number="222" hits="6" branch="false"/>
            <line number="223" hits="6" branch="false"/>
            <line number="224" hits="6" branch="false"/>
            <line number="225" hits="6" branch="false"/>
            <line number="226" hits="6" branch="false"/>
            <line number="227" hits="6" branch="false"/>
            <line number="228" hits="6" branch="false"/>
            <line number="229" hits="6" branch="false"/>
            <line number="230" hits="6" branch="false"/>
            <line number="231" hits="6" branch="false"/>
            <line number="234" hits="6" branch="false"/>
            <line number="235" hits="6" branch="false"/>
            <line number="236" hits="6" branch="false"/>
            <line number="237" hits="6" branch="false"/>
            <line number="238" hits="6" branch="false"/>
            <line number="239" hits="6" branch="false"/>
            <line number="240" hits="6" branch="false"/>
            <line number="241" hits="6" branch="false"/>
            <line number="242" hits="6" branch="false"/>
            <line number="243" hits="6" branch="false"/>
            <line number="244" hits="6" branch="false"/>
            <line number="245" hits="6" branch="false"/>
            <line number="250" hits="6" branch="false"/>
            <line number="253" hits="3" branch="false"/>
            <line number="254" hits="3" branch="false"/>
            <line number="255" hits="3" branch="false"/>
            <line number="256" hits="3" branch="false"/>
            <line number="257" hits="3" branch="false"/>
            <line number="258" hits="3" branch="false"/>
            <line number="259" hits="3" branch="false"/>
            <line number="260" hits="3" branch="false"/>
            <line number="261" hits="3" branch="false"/>
            <line number="262" hits="3" branch="false"/>
            <line number="265" hits="3" branch="false"/>
            <line number="266" hits="3" branch="false"/>
            <line number="267" hits="3" branch="false"/>
            <line number="268" hits="3" branch="false"/>
            <line number="269" hits="3" branch="false"/>
            <line number="270" hits="3" branch="false"/>
            <line number="271" hits="3" branch="false"/>
            <line number="275" hits="3" branch="false"/>
            <line number="276" hits="3" branch="false"/>
            <line number="277" hits="3" branch="false"/>
            <line number="278" hits="3" branch="false"/>
            <line number="279" hits="3" branch="false"/>
            <line number="280" hits="3" branch="false"/>
            <line number="281" hits="3" branch="false"/>
            <line number="282" hits="3" branch="false"/>
            <line number="283" hits="3" branch="false"/>
            <line number="284" hits="3" branch="false"/>
            <line number="285" hits="3" branch="false"/>
            <line number="286" hits="3" branch="false"/>
            <line number="287" hits="3" branch="false"/>
            <line number="288" hits="3" branch="false"/>
            <line number="289" hits="3" branch="false"/>
            <line number="290" hits="3" branch="false"/>
            <line number="291" hits="3" branch="false"/>
            <line number="292" hits="3" branch="false"/>
            <line number="293" hits="3" branch="false"/>
            <line number="294" hits="3" branch="false"/>
            <line number="297" hits="3" branch="false"/>
            <line number="298" hits="3" branch="false"/>
            <line number="299" hits="3" branch="false"/>
            <line number="300" hits="3" branch="false"/>
            <line number="301" hits="3" branch="false"/>
            <line number="302" hits="3" branch="false"/>
            <line number="303" hits="3" branch="false"/>
            <line number="304" hits="3" branch="false"/>
            <line number="305" hits="3" branch="false"/>
            <line number="306" hits="3" branch="false"/>
            <line number="310" hits="3" branch="false"/>
            <line number="311" hits="3" branch="false"/>
            <line number="312" hits="3" branch="false"/>
            <line number="313" hits="3" branch="false"/>
            <line number="314" hits="3" branch="false"/>
            <line number="315" hits="3" branch="false"/>
            <line number="318" hits="3" branch="false"/>
            <line number="321" hits="3" branch="false"/>
            <line number="322" hits="3" branch="false"/>
            <line number="323" hits="3" branch="false"/>
            <line number="324" hits="3" branch="false"/>
            <line number="325" hits="3" branch="false"/>
            <line number="326" hits="3" branch="false"/>
            <line number="327" hits="3" branch="false"/>
            <line number="328" hits="3" branch="false"/>
            <line number="332" hits="3" branch="false"/>
            <line number="333" hits="3" branch="false"/>
            <line number="334" hits="3" branch="false"/>
            <line number="335" hits="3" branch="false"/>
            <line number="336" hits="3" branch="false"/>
            <line number="337" hits="3" branch="false"/>
            <line number="340" hits="3" branch="false"/>
            <line number="341" hits="3" branch="false"/>
            <line number="342" hits="3" branch="false"/>
            <line number="343" hits="3" branch="false"/>
            <line number="344" hits="3" branch="false"/>
            <line number="348" hits="6" branch="false"/>
            <line number="349" hits="6" branch="false"/>
            <line number="350" hits="6" branch="false"/>
            <line number="351" hits="6" branch="false"/>
            <line number="352" hits="6" branch="false"/>
            <line number="353" hits="6" branch="false"/>
            <line number="354" hits="6" branch="false"/>
            <line number="360" hits="6" branch="false"/>
            <line number="363" hits="3" branch="false"/>
            <line number="364" hits="3" branch="false"/>
            <line number="365" hits="3" branch="false"/>
            <line number="366" hits="3" branch="false"/>
            <line number="367" hits="3" branch="false"/>
            <line number="368" hits="3" branch="false"/>
            <line number="369" hits="3" branch="false"/>
            <line number="370" hits="3" branch="false"/>
            <line number="371" hits="3" branch="false"/>
            <line number="372" hits="3" branch="false"/>
            <line number="375" hits="3" branch="false"/>
            <line number="376" hits="3" branch="false"/>
            <line number="377" hits="3" branch="false"/>
            <line number="378" hits="3" branch="false"/>
            <line number="379" hits="3" branch="false"/>
            <line number="380" hits="3" branch="false"/>
            <line number="381" hits="3" branch="false"/>
            <line number="384" hits="3" branch="false"/>
            <line number="385" hits="3" branch="false"/>
            <line number="386" hits="3" branch="false"/>
            <line number="387" hits="3" branch="false"/>
            <line number="388" hits="3" branch="false"/>
            <line number="389" hits="3" branch="false"/>
            <line number="390" hits="3" branch="false"/>
            <line number="391" hits="3" branch="false"/>
            <line number="392" hits="3" branch="false"/>
            <line number="393" hits="3" branch="false"/>
            <line number="397" hits="3" branch="false"/>
            <line number="398" hits="3" branch="false"/>
            <line number="399" hits="3" branch="false"/>
            <line number="400" hits="3" branch="false"/>
            <line number="401" hits="3" branch="false"/>
            <line number="402" hits="3" branch="false"/>
            <line number="405" hits="3" branch="false"/>
            <line number="406" hits="3" branch="false"/>
            <line number="407" hits="3" branch="false"/>
            <line number="410" hits="3" branch="false"/>
            <line number="411" hits="3" branch="false"/>
            <line number="412" hits="3" branch="false"/>
            <line number="413" hits="3" branch="false"/>
            <line number="414" hits="3" branch="false"/>
            <line number="420" hits="6" branch="false"/>
            <line number="421" hits="6" branch="false"/>
            <line number="424" hits="6" branch="false"/>
            <line number="425" hits="6" branch="false"/>
            <line number="426" hits="6" branch="false"/>
            <line number="427" hits="6" branch="false"/>
            <line number="428" hits="6" branch="false"/>
            <line number="429" hits="6" branch="false"/>
            <line number="430" hits="6" branch="false"/>
            <line number="431" hits="6" branch="false"/>
            <line number="432" hits="6" branch="false"/>
            <line number="433" hits="6" branch="false"/>
            <line number="434" hits="6" branch="false"/>
            <line number="435" hits="6" branch="false"/>
            <line number="436" hits="6" branch="false"/>
            <line number="437" hits="6" branch="false"/>
            <line number="438" hits="6" branch="false"/>
            <line number="439" hits="6" branch="false"/>
            <line number="440" hits="6" branch="false"/>
            <line number="441" hits="6" branch="false"/>
            <line number="442" hits="6" branch="false"/>
            <line number="443" hits="6" branch="false"/>
            <line number="444" hits="6" branch="false"/>
            <line number="445" hits="6" branch="false"/>
            <line number="446" hits="6" branch="false"/>
            <line number="447" hits="6" branch="false"/>
            <line number="448" hits="6" branch="false"/>
            <line number="449" hits="6" branch="false"/>
            <line number="450" hits="6" branch="false"/>
            <line number="451" hits="6" branch="false"/>
            <line number="452" hits="6" branch="false"/>
            <line number="453" hits="6" branch="false"/>
            <line number="456" hits="6" branch="false"/>
            <line number="457" hits="6" branch="false"/>
            <line number="458" hits="6" branch="false"/>
            <line number="459" hits="6" branch="false"/>
            <line number="460" hits="6" branch="false"/>
            <line number="461" hits="6" branch="false"/>
            <line number="462" hits="6" branch="false"/>
            <line number="463" hits="6" branch="false"/>
            <line number="466" hits="6" branch="false"/>
            <line number="467" hits="6" branch="false"/>
            <line number="471" hits="6" branch="false"/>
            <line number="475" hits="6" branch="false"/>
            <line number="478" hits="6" branch="false"/>
            <line number="479" hits="6" branch="false"/>
            <line number="482" hits="0" branch="false"/>
            <line number="483" hits="0" branch="false"/>
            <line number="484" hits="0" branch="false"/>
            <line number="485" hits="0" branch="false"/>
            <line number="486" hits="0" branch="false"/>
            <line number="487" hits="0" branch="false"/>
            <line number="488" hits="6" branch="false"/>
            <line number="490" hits="6" branch="false"/>
            <line number="491" hits="6" branch="false"/>
            <line number="492" hits="6" branch="false"/>
            <line number="493" hits="6" branch="false"/>
            <line number="494" hits="6" branch="false"/>
            <line number="495" hits="6" branch="false"/>
            <line number="498" hits="6" branch="false"/>
            <line number="499" hits="6" branch="false"/>
            <line number="500" hits="6" branch="false"/>
            <line number="501" hits="6" branch="false"/>
            <line number="502" hits="6" branch="false"/>
            <line number="505" hits="6" branch="false"/>
            <line number="506" hits="6" branch="false"/>
            <line number="507" hits="6" branch="false"/>
            <line number="508" hits="6" branch="false"/>
            <line number="509" hits="6" branch="false"/>
            <line number="510" hits="6" branch="false"/>
            <line number="513" hits="6" branch="false"/>
            <line number="514" hits="6" branch="false"/>
            <line number="515" hits="6" branch="false"/>
            <line number="516" hits="6" branch="false"/>
            <line number="517" hits="6" branch="false"/>
            <line number="518" hits="6" branch="false"/>
          </lines>
        </class>
        <class name="perform_inference.R" filename="R/perform_inference.R" line-rate="1" branch-rate="0" complexity="0">
          <methods>
            <method name="perform_inference" signature="" line-rate="1" branch-rate="0">
              <lines>
                <line number="26" hits="10" branch="false"/>
                <line number="27" hits="10" branch="false"/>
                <line number="28" hits="10" branch="false"/>
                <line number="29" hits="10" branch="false"/>
                <line number="30" hits="10" branch="false"/>
                <line number="31" hits="10" branch="false"/>
                <line number="32" hits="10" branch="false"/>
                <line number="33" hits="10" branch="false"/>
                <line number="34" hits="10" branch="false"/>
                <line number="35" hits="10" branch="false"/>
                <line number="36" hits="10" branch="false"/>
                <line number="37" hits="10" branch="false"/>
                <line number="38" hits="10" branch="false"/>
                <line number="39" hits="10" branch="false"/>
                <line number="40" hits="10" branch="false"/>
                <line number="42" hits="10" branch="false"/>
              </lines>
            </method>
          </methods>
          <lines>
            <line number="26" hits="10" branch="false"/>
            <line number="27" hits="10" branch="false"/>
            <line number="28" hits="10" branch="false"/>
            <line number="29" hits="10" branch="false"/>
            <line number="30" hits="10" branch="false"/>
            <line number="31" hits="10" branch="false"/>
            <line number="32" hits="10" branch="false"/>
            <line number="33" hits="10" branch="false"/>
            <line number="34" hits="10" branch="false"/>
            <line number="35" hits="10" branch="false"/>
            <line number="36" hits="10" branch="false"/>
            <line number="37" hits="10" branch="false"/>
            <line number="38" hits="10" branch="false"/>
            <line number="39" hits="10" branch="false"/>
            <line number="40" hits="10" branch="false"/>
            <line number="42" hits="10" branch="false"/>
          </lines>
        </class>
        <class name="prep_data.R" filename="R/prep_data.R" line-rate="1" branch-rate="0" complexity="0">
          <methods>
            <method name="prep_data" signature="" line-rate="1" branch-rate="0">
              <lines>
                <line number="41" hits="24" branch="false"/>
                <line number="42" hits="24" branch="false"/>
                <line number="43" hits="24" branch="false"/>
                <line number="44" hits="24" branch="false"/>
                <line number="45" hits="24" branch="false"/>
                <line number="48" hits="23" branch="false"/>
                <line number="49" hits="23" branch="false"/>
                <line number="50" hits="23" branch="false"/>
                <line number="51" hits="23" branch="false"/>
                <line number="52" hits="22" branch="false"/>
                <line number="53" hits="22" branch="false"/>
                <line number="54" hits="22" branch="false"/>
                <line number="55" hits="22" branch="false"/>
                <line number="59" hits="21" branch="false"/>
                <line number="60" hits="21" branch="false"/>
                <line number="61" hits="21" branch="false"/>
                <line number="62" hits="21" branch="false"/>
                <line number="63" hits="20" branch="false"/>
                <line number="64" hits="20" branch="false"/>
                <line number="65" hits="20" branch="false"/>
                <line number="66" hits="20" branch="false"/>
                <line number="67" hits="19" branch="false"/>
                <line number="68" hits="19" branch="false"/>
                <line number="69" hits="19" branch="false"/>
                <line number="70" hits="19" branch="false"/>
                <line number="71" hits="18" branch="false"/>
                <line number="72" hits="18" branch="false"/>
                <line number="73" hits="18" branch="false"/>
                <line number="74" hits="18" branch="false"/>
                <line number="77" hits="17" branch="false"/>
                <line number="78" hits="17" branch="false"/>
                <line number="79" hits="17" branch="false"/>
                <line number="80" hits="17" branch="false"/>
                <line number="81" hits="17" branch="false"/>
                <line number="82" hits="17" branch="false"/>
                <line number="83" hits="17" branch="false"/>
                <line number="84" hits="17" branch="false"/>
                <line number="87" hits="15" branch="false"/>
                <line number="88" hits="15" branch="false"/>
                <line number="89" hits="15" branch="false"/>
                <line number="90" hits="15" branch="false"/>
                <line number="93" hits="14" branch="false"/>
                <line number="94" hits="14" branch="false"/>
                <line number="95" hits="14" branch="false"/>
                <line number="96" hits="14" branch="false"/>
                <line number="97" hits="14" branch="false"/>
                <line number="98" hits="14" branch="false"/>
                <line number="99" hits="14" branch="false"/>
                <line number="103" hits="14" branch="false"/>
                <line number="104" hits="4" branch="false"/>
                <line number="108" hits="14" branch="false"/>
                <line number="109" hits="14" branch="false"/>
                <line number="110" hits="14" branch="false"/>
                <line number="111" hits="14" branch="false"/>
                <line number="112" hits="14" branch="false"/>
                <line number="115" hits="14" branch="false"/>
              </lines>
            </method>
          </methods>
          <lines>
            <line number="41" hits="24" branch="false"/>
            <line number="42" hits="24" branch="false"/>
            <line number="43" hits="24" branch="false"/>
            <line number="44" hits="24" branch="false"/>
            <line number="45" hits="24" branch="false"/>
            <line number="48" hits="23" branch="false"/>
            <line number="49" hits="23" branch="false"/>
            <line number="50" hits="23" branch="false"/>
            <line number="51" hits="23" branch="false"/>
            <line number="52" hits="22" branch="false"/>
            <line number="53" hits="22" branch="false"/>
            <line number="54" hits="22" branch="false"/>
            <line number="55" hits="22" branch="false"/>
            <line number="59" hits="21" branch="false"/>
            <line number="60" hits="21" branch="false"/>
            <line number="61" hits="21" branch="false"/>
            <line number="62" hits="21" branch="false"/>
            <line number="63" hits="20" branch="false"/>
            <line number="64" hits="20" branch="false"/>
            <line number="65" hits="20" branch="false"/>
            <line number="66" hits="20" branch="false"/>
            <line number="67" hits="19" branch="false"/>
            <line number="68" hits="19" branch="false"/>
            <line number="69" hits="19" branch="false"/>
            <line number="70" hits="19" branch="false"/>
            <line number="71" hits="18" branch="false"/>
            <line number="72" hits="18" branch="false"/>
            <line number="73" hits="18" branch="false"/>
            <line number="74" hits="18" branch="false"/>
            <line number="77" hits="17" branch="false"/>
            <line number="78" hits="17" branch="false"/>
            <line number="79" hits="17" branch="false"/>
            <line number="80" hits="17" branch="false"/>
            <line number="81" hits="17" branch="false"/>
            <line number="82" hits="17" branch="false"/>
            <line number="83" hits="17" branch="false"/>
            <line number="84" hits="17" branch="false"/>
            <line number="87" hits="15" branch="false"/>
            <line number="88" hits="15" branch="false"/>
            <line number="89" hits="15" branch="false"/>
            <line number="90" hits="15" branch="false"/>
            <line number="93" hits="14" branch="false"/>
            <line number="94" hits="14" branch="false"/>
            <line number="95" hits="14" branch="false"/>
            <line number="96" hits="14" branch="false"/>
            <line number="97" hits="14" branch="false"/>
            <line number="98" hits="14" branch="false"/>
            <line number="99" hits="14" branch="false"/>
            <line number="103" hits="14" branch="false"/>
            <line number="104" hits="4" branch="false"/>
            <line number="108" hits="14" branch="false"/>
            <line number="109" hits="14" branch="false"/>
            <line number="110" hits="14" branch="false"/>
            <line number="111" hits="14" branch="false"/>
            <line number="112" hits="14" branch="false"/>
            <line number="115" hits="14" branch="false"/>
          </lines>
        </class>
        <class name="prep_long_data.R" filename="R/prep_long_data.R" line-rate="0.99375" branch-rate="0" complexity="0">
          <methods>
            <method name="prep_long_data" signature="" line-rate="0.99375" branch-rate="0">
              <lines>
                <line number="54" hits="32" branch="false"/>
                <line number="55" hits="32" branch="false"/>
                <line number="56" hits="32" branch="false"/>
                <line number="57" hits="32" branch="false"/>
                <line number="58" hits="32" branch="false"/>
                <line number="62" hits="31" branch="false"/>
                <line number="63" hits="31" branch="false"/>
                <line number="64" hits="31" branch="false"/>
                <line number="65" hits="31" branch="false"/>
                <line number="66" hits="30" branch="false"/>
                <line number="67" hits="30" branch="false"/>
                <line number="68" hits="30" branch="false"/>
                <line number="69" hits="30" branch="false"/>
                <line number="70" hits="29" branch="false"/>
                <line number="71" hits="29" branch="false"/>
                <line number="72" hits="29" branch="false"/>
                <line number="73" hits="29" branch="false"/>
                <line number="74" hits="29" branch="false"/>
                <line number="75" hits="28" branch="false"/>
                <line number="76" hits="28" branch="false"/>
                <line number="77" hits="28" branch="false"/>
                <line number="78" hits="28" branch="false"/>
                <line number="79" hits="27" branch="false"/>
                <line number="80" hits="27" branch="false"/>
                <line number="81" hits="27" branch="false"/>
                <line number="82" hits="27" branch="false"/>
                <line number="83" hits="26" branch="false"/>
                <line number="84" hits="26" branch="false"/>
                <line number="85" hits="26" branch="false"/>
                <line number="86" hits="26" branch="false"/>
                <line number="90" hits="25" branch="false"/>
                <line number="91" hits="25" branch="false"/>
                <line number="92" hits="25" branch="false"/>
                <line number="93" hits="25" branch="false"/>
                <line number="94" hits="24" branch="false"/>
                <line number="95" hits="24" branch="false"/>
                <line number="96" hits="24" branch="false"/>
                <line number="97" hits="24" branch="false"/>
                <line number="98" hits="23" branch="false"/>
                <line number="99" hits="23" branch="false"/>
                <line number="100" hits="23" branch="false"/>
                <line number="101" hits="23" branch="false"/>
                <line number="102" hits="22" branch="false"/>
                <line number="103" hits="22" branch="false"/>
                <line number="104" hits="22" branch="false"/>
                <line number="105" hits="22" branch="false"/>
                <line number="106" hits="21" branch="false"/>
                <line number="107" hits="21" branch="false"/>
                <line number="108" hits="21" branch="false"/>
                <line number="109" hits="21" branch="false"/>
                <line number="110" hits="20" branch="false"/>
                <line number="111" hits="10" branch="false"/>
                <line number="112" hits="10" branch="false"/>
                <line number="113" hits="10" branch="false"/>
                <line number="114" hits="10" branch="false"/>
                <line number="115" hits="9" branch="false"/>
                <line number="116" hits="1" branch="false"/>
                <line number="117" hits="1" branch="false"/>
                <line number="118" hits="1" branch="false"/>
                <line number="119" hits="1" branch="false"/>
                <line number="120" hits="1" branch="false"/>
                <line number="125" hits="19" branch="false"/>
                <line number="126" hits="2" branch="false"/>
                <line number="131" hits="19" branch="false"/>
                <line number="132" hits="19" branch="false"/>
                <line number="133" hits="19" branch="false"/>
                <line number="134" hits="19" branch="false"/>
                <line number="135" hits="19" branch="false"/>
                <line number="136" hits="19" branch="false"/>
                <line number="137" hits="19" branch="false"/>
                <line number="138" hits="19" branch="false"/>
                <line number="139" hits="18" branch="false"/>
                <line number="140" hits="18" branch="false"/>
                <line number="141" hits="18" branch="false"/>
                <line number="142" hits="18" branch="false"/>
                <line number="143" hits="18" branch="false"/>
                <line number="144" hits="18" branch="false"/>
                <line number="145" hits="18" branch="false"/>
                <line number="146" hits="18" branch="false"/>
                <line number="149" hits="17" branch="false"/>
                <line number="150" hits="17" branch="false"/>
                <line number="151" hits="17" branch="false"/>
                <line number="152" hits="17" branch="false"/>
                <line number="155" hits="16" branch="false"/>
                <line number="156" hits="16" branch="false"/>
                <line number="157" hits="16" branch="false"/>
                <line number="158" hits="16" branch="false"/>
                <line number="159" hits="16" branch="false"/>
                <line number="160" hits="16" branch="false"/>
                <line number="161" hits="16" branch="false"/>
                <line number="164" hits="15" branch="false"/>
                <line number="165" hits="15" branch="false"/>
                <line number="166" hits="15" branch="false"/>
                <line number="167" hits="15" branch="false"/>
                <line number="168" hits="15" branch="false"/>
                <line number="169" hits="15" branch="false"/>
                <line number="170" hits="15" branch="false"/>
                <line number="174" hits="15" branch="false"/>
                <line number="175" hits="15" branch="false"/>
                <line number="176" hits="15" branch="false"/>
                <line number="177" hits="15" branch="false"/>
                <line number="178" hits="15" branch="false"/>
                <line number="179" hits="15" branch="false"/>
                <line number="180" hits="15" branch="false"/>
                <line number="181" hits="15" branch="false"/>
                <line number="184" hits="14" branch="false"/>
                <line number="185" hits="14" branch="false"/>
                <line number="186" hits="14" branch="false"/>
                <line number="187" hits="14" branch="false"/>
                <line number="192" hits="14" branch="false"/>
                <line number="193" hits="14" branch="false"/>
                <line number="194" hits="5" branch="false"/>
                <line number="195" hits="5" branch="false"/>
                <line number="197" hits="9" branch="false"/>
                <line number="198" hits="1" branch="false"/>
                <line number="201" hits="14" branch="false"/>
                <line number="202" hits="14" branch="false"/>
                <line number="203" hits="14" branch="false"/>
                <line number="204" hits="14" branch="false"/>
                <line number="207" hits="14" branch="false"/>
                <line number="208" hits="14" branch="false"/>
                <line number="209" hits="14" branch="false"/>
                <line number="213" hits="14" branch="false"/>
                <line number="214" hits="14" branch="false"/>
                <line number="215" hits="14" branch="false"/>
                <line number="216" hits="14" branch="false"/>
                <line number="217" hits="14" branch="false"/>
                <line number="218" hits="14" branch="false"/>
                <line number="219" hits="14" branch="false"/>
                <line number="220" hits="14" branch="false"/>
                <line number="221" hits="14" branch="false"/>
                <line number="222" hits="14" branch="false"/>
                <line number="223" hits="14" branch="false"/>
                <line number="226" hits="14" branch="false"/>
                <line number="227" hits="14" branch="false"/>
                <line number="228" hits="14" branch="false"/>
                <line number="229" hits="14" branch="false"/>
                <line number="230" hits="14" branch="false"/>
                <line number="231" hits="14" branch="false"/>
                <line number="232" hits="14" branch="false"/>
                <line number="233" hits="14" branch="false"/>
                <line number="234" hits="14" branch="false"/>
                <line number="235" hits="14" branch="false"/>
                <line number="236" hits="14" branch="false"/>
                <line number="237" hits="14" branch="false"/>
                <line number="238" hits="14" branch="false"/>
                <line number="241" hits="14" branch="false"/>
                <line number="242" hits="14" branch="false"/>
                <line number="243" hits="14" branch="false"/>
                <line number="244" hits="14" branch="false"/>
                <line number="245" hits="14" branch="false"/>
                <line number="247" hits="14" branch="false"/>
                <line number="248" hits="0" branch="false"/>
                <line number="249" hits="14" branch="false"/>
                <line number="251" hits="14" branch="false"/>
                <line number="252" hits="14" branch="false"/>
                <line number="253" hits="14" branch="false"/>
                <line number="254" hits="14" branch="false"/>
                <line number="257" hits="14" branch="false"/>
                <line number="259" hits="14" branch="false"/>
              </lines>
            </method>
          </methods>
          <lines>
            <line number="54" hits="32" branch="false"/>
            <line number="55" hits="32" branch="false"/>
            <line number="56" hits="32" branch="false"/>
            <line number="57" hits="32" branch="false"/>
            <line number="58" hits="32" branch="false"/>
            <line number="62" hits="31" branch="false"/>
            <line number="63" hits="31" branch="false"/>
            <line number="64" hits="31" branch="false"/>
            <line number="65" hits="31" branch="false"/>
            <line number="66" hits="30" branch="false"/>
            <line number="67" hits="30" branch="false"/>
            <line number="68" hits="30" branch="false"/>
            <line number="69" hits="30" branch="false"/>
            <line number="70" hits="29" branch="false"/>
            <line number="71" hits="29" branch="false"/>
            <line number="72" hits="29" branch="false"/>
            <line number="73" hits="29" branch="false"/>
            <line number="74" hits="29" branch="false"/>
            <line number="75" hits="28" branch="false"/>
            <line number="76" hits="28" branch="false"/>
            <line number="77" hits="28" branch="false"/>
            <line number="78" hits="28" branch="false"/>
            <line number="79" hits="27" branch="false"/>
            <line number="80" hits="27" branch="false"/>
            <line number="81" hits="27" branch="false"/>
            <line number="82" hits="27" branch="false"/>
            <line number="83" hits="26" branch="false"/>
            <line number="84" hits="26" branch="false"/>
            <line number="85" hits="26" branch="false"/>
            <line number="86" hits="26" branch="false"/>
            <line number="90" hits="25" branch="false"/>
            <line number="91" hits="25" branch="false"/>
            <line number="92" hits="25" branch="false"/>
            <line number="93" hits="25" branch="false"/>
            <line number="94" hits="24" branch="false"/>
            <line number="95" hits="24" branch="false"/>
            <line number="96" hits="24" branch="false"/>
            <line number="97" hits="24" branch="false"/>
            <line number="98" hits="23" branch="false"/>
            <line number="99" hits="23" branch="false"/>
            <line number="100" hits="23" branch="false"/>
            <line number="101" hits="23" branch="false"/>
            <line number="102" hits="22" branch="false"/>
            <line number="103" hits="22" branch="false"/>
            <line number="104" hits="22" branch="false"/>
            <line number="105" hits="22" branch="false"/>
            <line number="106" hits="21" branch="false"/>
            <line number="107" hits="21" branch="false"/>
            <line number="108" hits="21" branch="false"/>
            <line number="109" hits="21" branch="false"/>
            <line number="110" hits="20" branch="false"/>
            <line number="111" hits="10" branch="false"/>
            <line number="112" hits="10" branch="false"/>
            <line number="113" hits="10" branch="false"/>
            <line number="114" hits="10" branch="false"/>
            <line number="115" hits="9" branch="false"/>
            <line number="116" hits="1" branch="false"/>
            <line number="117" hits="1" branch="false"/>
            <line number="118" hits="1" branch="false"/>
            <line number="119" hits="1" branch="false"/>
            <line number="120" hits="1" branch="false"/>
            <line number="125" hits="19" branch="false"/>
            <line number="126" hits="2" branch="false"/>
            <line number="131" hits="19" branch="false"/>
            <line number="132" hits="19" branch="false"/>
            <line number="133" hits="19" branch="false"/>
            <line number="134" hits="19" branch="false"/>
            <line number="135" hits="19" branch="false"/>
            <line number="136" hits="19" branch="false"/>
            <line number="137" hits="19" branch="false"/>
            <line number="138" hits="19" branch="false"/>
            <line number="139" hits="18" branch="false"/>
            <line number="140" hits="18" branch="false"/>
            <line number="141" hits="18" branch="false"/>
            <line number="142" hits="18" branch="false"/>
            <line number="143" hits="18" branch="false"/>
            <line number="144" hits="18" branch="false"/>
            <line number="145" hits="18" branch="false"/>
            <line number="146" hits="18" branch="false"/>
            <line number="149" hits="17" branch="false"/>
            <line number="150" hits="17" branch="false"/>
            <line number="151" hits="17" branch="false"/>
            <line number="152" hits="17" branch="false"/>
            <line number="155" hits="16" branch="false"/>
            <line number="156" hits="16" branch="false"/>
            <line number="157" hits="16" branch="false"/>
            <line number="158" hits="16" branch="false"/>
            <line number="159" hits="16" branch="false"/>
            <line number="160" hits="16" branch="false"/>
            <line number="161" hits="16" branch="false"/>
            <line number="164" hits="15" branch="false"/>
            <line number="165" hits="15" branch="false"/>
            <line number="166" hits="15" branch="false"/>
            <line number="167" hits="15" branch="false"/>
            <line number="168" hits="15" branch="false"/>
            <line number="169" hits="15" branch="false"/>
            <line number="170" hits="15" branch="false"/>
            <line number="174" hits="15" branch="false"/>
            <line number="175" hits="15" branch="false"/>
            <line number="176" hits="15" branch="false"/>
            <line number="177" hits="15" branch="false"/>
            <line number="178" hits="15" branch="false"/>
            <line number="179" hits="15" branch="false"/>
            <line number="180" hits="15" branch="false"/>
            <line number="181" hits="15" branch="false"/>
            <line number="184" hits="14" branch="false"/>
            <line number="185" hits="14" branch="false"/>
            <line number="186" hits="14" branch="false"/>
            <line number="187" hits="14" branch="false"/>
            <line number="192" hits="14" branch="false"/>
            <line number="193" hits="14" branch="false"/>
            <line number="194" hits="5" branch="false"/>
            <line number="195" hits="5" branch="false"/>
            <line number="197" hits="9" branch="false"/>
            <line number="198" hits="1" branch="false"/>
            <line number="201" hits="14" branch="false"/>
            <line number="202" hits="14" branch="false"/>
            <line number="203" hits="14" branch="false"/>
            <line number="204" hits="14" branch="false"/>
            <line number="207" hits="14" branch="false"/>
            <line number="208" hits="14" branch="false"/>
            <line number="209" hits="14" branch="false"/>
            <line number="213" hits="14" branch="false"/>
            <line number="214" hits="14" branch="false"/>
            <line number="215" hits="14" branch="false"/>
            <line number="216" hits="14" branch="false"/>
            <line number="217" hits="14" branch="false"/>
            <line number="218" hits="14" branch="false"/>
            <line number="219" hits="14" branch="false"/>
            <line number="220" hits="14" branch="false"/>
            <line number="221" hits="14" branch="false"/>
            <line number="222" hits="14" branch="false"/>
            <line number="223" hits="14" branch="false"/>
            <line number="226" hits="14" branch="false"/>
            <line number="227" hits="14" branch="false"/>
            <line number="228" hits="14" branch="false"/>
            <line number="229" hits="14" branch="false"/>
            <line number="230" hits="14" branch="false"/>
            <line number="231" hits="14" branch="false"/>
            <line number="232" hits="14" branch="false"/>
            <line number="233" hits="14" branch="false"/>
            <line number="234" hits="14" branch="false"/>
            <line number="235" hits="14" branch="false"/>
            <line number="236" hits="14" branch="false"/>
            <line number="237" hits="14" branch="false"/>
            <line number="238" hits="14" branch="false"/>
            <line number="241" hits="14" branch="false"/>
            <line number="242" hits="14" branch="false"/>
            <line number="243" hits="14" branch="false"/>
            <line number="244" hits="14" branch="false"/>
            <line number="245" hits="14" branch="false"/>
            <line number="247" hits="14" branch="false"/>
            <line number="248" hits="0" branch="false"/>
            <line number="249" hits="14" branch="false"/>
            <line number="251" hits="14" branch="false"/>
            <line number="252" hits="14" branch="false"/>
            <line number="253" hits="14" branch="false"/>
            <line number="254" hits="14" branch="false"/>
            <line number="257" hits="14" branch="false"/>
            <line number="259" hits="14" branch="false"/>
          </lines>
        </class>
        <class name="sunicate.R" filename="R/sunicate.R" line-rate="1" branch-rate="0" complexity="0">
          <methods>
            <method name="sunicate" signature="" line-rate="1" branch-rate="0">
              <lines>
                <line number="88" hits="1" branch="false"/>
                <line number="89" hits="1" branch="false"/>
                <line number="90" hits="1" branch="false"/>
                <line number="91" hits="1" branch="false"/>
                <line number="94" hits="1" branch="false"/>
                <line number="95" hits="1" branch="false"/>
                <line number="96" hits="1" branch="false"/>
                <line number="97" hits="1" branch="false"/>
                <line number="98" hits="1" branch="false"/>
                <line number="101" hits="1" branch="false"/>
                <line number="104" hits="1" branch="false"/>
                <line number="106" hits="1" branch="false"/>
              </lines>
            </method>
          </methods>
          <lines>
            <line number="88" hits="1" branch="false"/>
            <line number="89" hits="1" branch="false"/>
            <line number="90" hits="1" branch="false"/>
            <line number="91" hits="1" branch="false"/>
            <line number="94" hits="1" branch="false"/>
            <line number="95" hits="1" branch="false"/>
            <line number="96" hits="1" branch="false"/>
            <line number="97" hits="1" branch="false"/>
            <line number="98" hits="1" branch="false"/>
            <line number="101" hits="1" branch="false"/>
            <line number="104" hits="1" branch="false"/>
            <line number="106" hits="1" branch="false"/>
          </lines>
        </class>
        <class name="unicate.R" filename="R/unicate.R" line-rate="1" branch-rate="0" complexity="0">
          <methods>
            <method name="unicate" signature="" line-rate="1" branch-rate="0">
              <lines>
                <line number="67" hits="8" branch="false"/>
                <line number="68" hits="8" branch="false"/>
                <line number="69" hits="8" branch="false"/>
                <line number="70" hits="8" branch="false"/>
                <line number="73" hits="8" branch="false"/>
                <line number="74" hits="8" branch="false"/>
                <line number="75" hits="8" branch="false"/>
                <line number="76" hits="8" branch="false"/>
                <line number="79" hits="8" branch="false"/>
                <line number="82" hits="8" branch="false"/>
                <line number="84" hits="8" branch="false"/>
              </lines>
            </method>
          </methods>
          <lines>
            <line number="67" hits="8" branch="false"/>
            <line number="68" hits="8" branch="false"/>
            <line number="69" hits="8" branch="false"/>
            <line number="70" hits="8" branch="false"/>
            <line number="73" hits="8" branch="false"/>
            <line number="74" hits="8" branch="false"/>
            <line number="75" hits="8" branch="false"/>
            <line number="76" hits="8" branch="false"/>
            <line number="79" hits="8" branch="false"/>
            <line number="82" hits="8" branch="false"/>
            <line number="84" hits="8" branch="false"/>
          </lines>
        </class>
      </classes>
    </package>
  </packages>
</coverage>
